<?xml version="1.0" encoding="UTF-8"?>
<!-- Generated by org.testng.reporters.JUnitReportReporter -->
<testsuite skipped="0" hostname="IQA-DhruvS" name="impactQA.DemoTest" tests="2" failures="0" timestamp="04 Sep 2018 06:39:06 GMT" time="149.109" errors="0">
  <testcase name="verifyTitle" time="118.215" classname="impactQA.DemoTest"/>
  <testcase name="verifyLogin" time="30.894" classname="impactQA.DemoTest"/>
</testsuite> <!-- impactQA.DemoTest -->
